This file contains any messages produced by compilers while
running configure, to aid debugging if configure makes a mistake.

It was created by libcstl configure 2.3.0, which was
generated by GNU Autoconf 2.69.  Invocation command line was

  $ ./configure --prefix=/usr/i686/libcstl

## --------- ##
## Platform. ##
## --------- ##

hostname = kmhook-VirtualBox
uname -m = i686
uname -r = 3.13.0-24-generic
uname -s = Linux
uname -v = #46-Ubuntu SMP Thu Apr 10 19:08:14 UTC 2014

/usr/bin/uname -p = unknown
/bin/uname -X     = unknown

/bin/arch              = unknown
/usr/bin/arch -k       = unknown
/usr/convex/getsysinfo = unknown
/usr/bin/hostinfo      = unknown
/bin/machine           = unknown
/usr/bin/oslevel       = unknown
/bin/universe          = unknown

PATH: /usr/local/sbin
PATH: /usr/local/bin
PATH: /usr/sbin
PATH: /usr/bin
PATH: /sbin
PATH: /bin
PATH: /usr/games
PATH: /usr/local/games
PATH: /projects/hnd/tools/linux/hndtools-mipsel-linux-uclibc-4.2.3/bin


## ----------- ##
## Core tests. ##
## ----------- ##

configure:2462: checking for a BSD-compatible install
configure:2530: result: /usr/bin/install -c
configure:2541: checking whether build environment is sane
configure:2591: result: yes
configure:2732: checking for a thread-safe mkdir -p
configure:2771: result: /bin/mkdir -p
configure:2784: checking for gawk
configure:2800: found /usr/bin/gawk
configure:2811: result: gawk
configure:2822: checking whether make sets $(MAKE)
configure:2844: result: yes
configure:2977: checking for gcc
configure:2993: found /usr/bin/gcc
configure:3004: result: gcc
configure:3233: checking for C compiler version
configure:3242: gcc --version >&5
gcc (Ubuntu 4.8.2-19ubuntu1) 4.8.2
Copyright (C) 2013 Free Software Foundation, Inc.
This is free software; see the source for copying conditions.  There is NO
warranty; not even for MERCHANTABILITY or FITNESS FOR A PARTICULAR PURPOSE.

configure:3253: $? = 0
configure:3242: gcc -v >&5
Using built-in specs.
COLLECT_GCC=gcc
COLLECT_LTO_WRAPPER=/usr/lib/gcc/i686-linux-gnu/4.8/lto-wrapper
Target: i686-linux-gnu
Configured with: ../src/configure -v --with-pkgversion='Ubuntu 4.8.2-19ubuntu1' --with-bugurl=file:///usr/share/doc/gcc-4.8/README.Bugs --enable-languages=c,c++,java,go,d,fortran,objc,obj-c++ --prefix=/usr --program-suffix=-4.8 --enable-shared --enable-linker-build-id --libexecdir=/usr/lib --without-included-gettext --enable-threads=posix --with-gxx-include-dir=/usr/include/c++/4.8 --libdir=/usr/lib --enable-nls --with-sysroot=/ --enable-clocale=gnu --enable-libstdcxx-debug --enable-libstdcxx-time=yes --enable-gnu-unique-object --disable-libmudflap --enable-plugin --with-system-zlib --disable-browser-plugin --enable-java-awt=gtk --enable-gtk-cairo --with-java-home=/usr/lib/jvm/java-1.5.0-gcj-4.8-i386/jre --enable-java-home --with-jvm-root-dir=/usr/lib/jvm/java-1.5.0-gcj-4.8-i386 --with-jvm-jar-dir=/usr/lib/jvm-exports/java-1.5.0-gcj-4.8-i386 --with-arch-directory=i386 --with-ecj-jar=/usr/share/java/eclipse-ecj.jar --enable-objc-gc --enable-targets=all --enable-multiarch --disable-werror --with-arch-32=i686 --with-multilib-list=m32,m64,mx32 --with-tune=generic --enable-checking=release --build=i686-linux-gnu --host=i686-linux-gnu --target=i686-linux-gnu
Thread model: posix
gcc version 4.8.2 (Ubuntu 4.8.2-19ubuntu1) 
configure:3253: $? = 0
configure:3242: gcc -V >&5
gcc: error: unrecognized command line option '-V'
gcc: fatal error: no input files
compilation terminated.
configure:3253: $? = 4
configure:3242: gcc -qversion >&5
gcc: error: unrecognized command line option '-qversion'
gcc: fatal error: no input files
compilation terminated.
configure:3253: $? = 4
configure:3273: checking whether the C compiler works
configure:3295: gcc    conftest.c  >&5
configure:3299: $? = 0
configure:3347: result: yes
configure:3350: checking for C compiler default output file name
configure:3352: result: a.out
configure:3358: checking for suffix of executables
configure:3365: gcc -o conftest    conftest.c  >&5
configure:3369: $? = 0
configure:3391: result: 
configure:3413: checking whether we are cross compiling
configure:3421: gcc -o conftest    conftest.c  >&5
configure:3425: $? = 0
configure:3432: ./conftest
configure:3436: $? = 0
configure:3451: result: no
configure:3456: checking for suffix of object files
configure:3478: gcc -c   conftest.c >&5
configure:3482: $? = 0
configure:3503: result: o
configure:3507: checking whether we are using the GNU C compiler
configure:3526: gcc -c   conftest.c >&5
configure:3526: $? = 0
configure:3535: result: yes
configure:3544: checking whether gcc accepts -g
configure:3564: gcc -c -g  conftest.c >&5
configure:3564: $? = 0
configure:3605: result: yes
configure:3622: checking for gcc option to accept ISO C89
configure:3685: gcc  -c -g -O2  conftest.c >&5
configure:3685: $? = 0
configure:3698: result: none needed
configure:3729: checking for style of include used by make
configure:3757: result: GNU
configure:3782: checking dependency style of gcc
configure:3892: result: gcc3
configure:3950: checking for ranlib
configure:3966: found /usr/bin/ranlib
configure:3977: result: ranlib
configure:4028: checking build system type
configure:4042: result: i686-pc-linux-gnu
configure:4062: checking host system type
configure:4075: result: i686-pc-linux-gnu
configure:4095: checking for a sed that does not truncate output
configure:4159: result: /bin/sed
configure:4177: checking for grep that handles long lines and -e
configure:4235: result: /bin/grep
configure:4240: checking for egrep
configure:4302: result: /bin/grep -E
configure:4307: checking for fgrep
configure:4369: result: /bin/grep -F
configure:4404: checking for ld used by gcc
configure:4471: result: /usr/bin/ld
configure:4478: checking if the linker (/usr/bin/ld) is GNU ld
configure:4493: result: yes
configure:4505: checking for BSD- or MS-compatible name lister (nm)
configure:4554: result: /usr/bin/nm -B
configure:4672: checking the name lister (/usr/bin/nm -B) interface
configure:4679: gcc -c -g -O2  conftest.c >&5
configure:4682: /usr/bin/nm -B "conftest.o"
configure:4685: output
00000000 B some_variable
configure:4692: result: BSD nm
configure:4695: checking whether ln -s works
configure:4699: result: yes
configure:4707: checking the maximum length of command line arguments
configure:4827: result: 1572864
configure:4844: checking whether the shell understands some XSI constructs
configure:4854: result: yes
configure:4858: checking whether the shell understands "+="
configure:4864: result: yes
configure:4899: checking for /usr/bin/ld option to reload object files
configure:4906: result: -r
configure:4975: checking for objdump
configure:4991: found /usr/bin/objdump
configure:5002: result: objdump
configure:5034: checking how to recognize dependent libraries
configure:5230: result: pass_all
configure:5290: checking for ar
configure:5306: found /usr/bin/ar
configure:5317: result: ar
configure:5395: checking for strip
configure:5411: found /usr/bin/strip
configure:5422: result: strip
configure:5494: checking for ranlib
configure:5521: result: ranlib
configure:5611: checking command to parse /usr/bin/nm -B output from gcc object
configure:5729: gcc -c -g -O2  conftest.c >&5
configure:5732: $? = 0
configure:5736: /usr/bin/nm -B conftest.o \| sed -n -e 's/^.*[	 ]\([ABCDGIRSTW][ABCDGIRSTW]*\)[	 ][	 ]*\([_A-Za-z][_A-Za-z0-9]*\)$/\1 \2 \2/p' \> conftest.nm
configure:5739: $? = 0
configure:5793: gcc -o conftest -g -O2   conftest.c conftstm.o >&5
configure:5796: $? = 0
configure:5834: result: ok
configure:6643: checking how to run the C preprocessor
configure:6674: gcc -E  conftest.c
configure:6674: $? = 0
configure:6688: gcc -E  conftest.c
conftest.c:11:28: fatal error: ac_nonexistent.h: No such file or directory
 #include <ac_nonexistent.h>
                            ^
compilation terminated.
configure:6688: $? = 1
configure: failed program was:
| /* confdefs.h */
| #define PACKAGE_NAME "libcstl"
| #define PACKAGE_TARNAME "libcstl"
| #define PACKAGE_VERSION "2.3.0"
| #define PACKAGE_STRING "libcstl 2.3.0"
| #define PACKAGE_BUGREPORT "activesys.wb@gmail.com"
| #define PACKAGE_URL ""
| #define PACKAGE "libcstl"
| #define VERSION "2.3.0"
| /* end confdefs.h.  */
| #include <ac_nonexistent.h>
configure:6713: result: gcc -E
configure:6733: gcc -E  conftest.c
configure:6733: $? = 0
configure:6747: gcc -E  conftest.c
conftest.c:11:28: fatal error: ac_nonexistent.h: No such file or directory
 #include <ac_nonexistent.h>
                            ^
compilation terminated.
configure:6747: $? = 1
configure: failed program was:
| /* confdefs.h */
| #define PACKAGE_NAME "libcstl"
| #define PACKAGE_TARNAME "libcstl"
| #define PACKAGE_VERSION "2.3.0"
| #define PACKAGE_STRING "libcstl 2.3.0"
| #define PACKAGE_BUGREPORT "activesys.wb@gmail.com"
| #define PACKAGE_URL ""
| #define PACKAGE "libcstl"
| #define VERSION "2.3.0"
| /* end confdefs.h.  */
| #include <ac_nonexistent.h>
configure:6776: checking for ANSI C header files
configure:6796: gcc -c -g -O2  conftest.c >&5
configure:6796: $? = 0
configure:6869: gcc -o conftest -g -O2   conftest.c  >&5
configure:6869: $? = 0
configure:6869: ./conftest
configure:6869: $? = 0
configure:6880: result: yes
configure:6893: checking for sys/types.h
configure:6893: gcc -c -g -O2  conftest.c >&5
configure:6893: $? = 0
configure:6893: result: yes
configure:6893: checking for sys/stat.h
configure:6893: gcc -c -g -O2  conftest.c >&5
configure:6893: $? = 0
configure:6893: result: yes
configure:6893: checking for stdlib.h
configure:6893: gcc -c -g -O2  conftest.c >&5
configure:6893: $? = 0
configure:6893: result: yes
configure:6893: checking for string.h
configure:6893: gcc -c -g -O2  conftest.c >&5
configure:6893: $? = 0
configure:6893: result: yes
configure:6893: checking for memory.h
configure:6893: gcc -c -g -O2  conftest.c >&5
configure:6893: $? = 0
configure:6893: result: yes
configure:6893: checking for strings.h
configure:6893: gcc -c -g -O2  conftest.c >&5
configure:6893: $? = 0
configure:6893: result: yes
configure:6893: checking for inttypes.h
configure:6893: gcc -c -g -O2  conftest.c >&5
configure:6893: $? = 0
configure:6893: result: yes
configure:6893: checking for stdint.h
configure:6893: gcc -c -g -O2  conftest.c >&5
configure:6893: $? = 0
configure:6893: result: yes
configure:6893: checking for unistd.h
configure:6893: gcc -c -g -O2  conftest.c >&5
configure:6893: $? = 0
configure:6893: result: yes
configure:6907: checking for dlfcn.h
configure:6907: gcc -c -g -O2  conftest.c >&5
configure:6907: $? = 0
configure:6907: result: yes
configure:7091: checking for objdir
configure:7106: result: .libs
configure:7398: checking if gcc supports -fno-rtti -fno-exceptions
configure:7416: gcc -c -g -O2  -fno-rtti -fno-exceptions conftest.c >&5
cc1: warning: command line option '-fno-rtti' is valid for C++/ObjC++ but not for C [enabled by default]
configure:7420: $? = 0
configure:7433: result: no
configure:7453: checking for gcc option to produce PIC
configure:7725: result: -fPIC -DPIC
configure:7737: checking if gcc PIC flag -fPIC -DPIC works
configure:7755: gcc -c -g -O2  -fPIC -DPIC -DPIC conftest.c >&5
configure:7759: $? = 0
configure:7772: result: yes
configure:7796: checking if gcc static flag -static works
configure:7824: result: yes
configure:7839: checking if gcc supports -c -o file.o
configure:7860: gcc -c -g -O2  -o out/conftest2.o conftest.c >&5
configure:7864: $? = 0
configure:7886: result: yes
configure:7894: checking if gcc supports -c -o file.o
configure:7941: result: yes
configure:7974: checking whether the gcc linker (/usr/bin/ld) supports shared libraries
configure:8960: result: yes
configure:8997: checking whether -lc should be explicitly linked in
configure:9002: gcc -c -g -O2  conftest.c >&5
configure:9005: $? = 0
configure:9020: gcc -shared conftest.o  -v -Wl,-soname -Wl,conftest -o conftest 2\>\&1 \| /bin/grep  -lc  \>/dev/null 2\>\&1
configure:9023: $? = 0
configure:9035: result: no
configure:9199: checking dynamic linker characteristics
configure:9632: gcc -o conftest -g -O2   -Wl,-rpath -Wl,/foo conftest.c  >&5
configure:9632: $? = 0
configure:9853: result: GNU/Linux ld.so
configure:9955: checking how to hardcode library paths into programs
configure:9980: result: immediate
configure:10500: checking whether stripping libraries is possible
configure:10505: result: yes
configure:10540: checking if libtool supports shared libraries
configure:10542: result: yes
configure:10545: checking whether to build shared libraries
configure:10566: result: yes
configure:10569: checking whether to build static libraries
configure:10573: result: yes
configure:10613: checking whether to enable assertions
configure:10631: result: yes
configure:10636: checking for size_t
configure:10636: gcc -c -g -O2  conftest.c >&5
configure:10636: $? = 0
configure:10636: gcc -c -g -O2  conftest.c >&5
conftest.c: In function 'main':
conftest.c:59:21: error: expected expression before ')' token
 if (sizeof ((size_t)))
                     ^
configure:10636: $? = 1
configure: failed program was:
| /* confdefs.h */
| #define PACKAGE_NAME "libcstl"
| #define PACKAGE_TARNAME "libcstl"
| #define PACKAGE_VERSION "2.3.0"
| #define PACKAGE_STRING "libcstl 2.3.0"
| #define PACKAGE_BUGREPORT "activesys.wb@gmail.com"
| #define PACKAGE_URL ""
| #define PACKAGE "libcstl"
| #define VERSION "2.3.0"
| #define STDC_HEADERS 1
| #define HAVE_SYS_TYPES_H 1
| #define HAVE_SYS_STAT_H 1
| #define HAVE_STDLIB_H 1
| #define HAVE_STRING_H 1
| #define HAVE_MEMORY_H 1
| #define HAVE_STRINGS_H 1
| #define HAVE_INTTYPES_H 1
| #define HAVE_STDINT_H 1
| #define HAVE_UNISTD_H 1
| #define HAVE_DLFCN_H 1
| #define LT_OBJDIR ".libs/"
| /* end confdefs.h.  */
| #include <stdio.h>
| #ifdef HAVE_SYS_TYPES_H
| # include <sys/types.h>
| #endif
| #ifdef HAVE_SYS_STAT_H
| # include <sys/stat.h>
| #endif
| #ifdef STDC_HEADERS
| # include <stdlib.h>
| # include <stddef.h>
| #else
| # ifdef HAVE_STDLIB_H
| #  include <stdlib.h>
| # endif
| #endif
| #ifdef HAVE_STRING_H
| # if !defined STDC_HEADERS && defined HAVE_MEMORY_H
| #  include <memory.h>
| # endif
| # include <string.h>
| #endif
| #ifdef HAVE_STRINGS_H
| # include <strings.h>
| #endif
| #ifdef HAVE_INTTYPES_H
| # include <inttypes.h>
| #endif
| #ifdef HAVE_STDINT_H
| # include <stdint.h>
| #endif
| #ifdef HAVE_UNISTD_H
| # include <unistd.h>
| #endif
| int
| main ()
| {
| if (sizeof ((size_t)))
| 	    return 0;
|   ;
|   return 0;
| }
configure:10636: result: yes
configure:10647: checking for gcc option to accept ISO C99
configure:10796: gcc  -c -g -O2  conftest.c >&5
conftest.c:73:29: error: expected ';', ',' or ')' before 'text'
 test_restrict (ccp restrict text)
                             ^
conftest.c: In function 'main':
conftest.c:127:18: error: expected '=', ',', ';', 'asm' or '__attribute__' before 'newvar'
   char *restrict newvar = "Another string";
                  ^
conftest.c:127:18: error: 'newvar' undeclared (first use in this function)
conftest.c:127:18: note: each undeclared identifier is reported only once for each function it appears in
conftest.c:137:3: error: 'for' loop initial declarations are only allowed in C99 mode
   for (int i = 0; i < ia->datasize; ++i)
   ^
conftest.c:137:3: note: use option -std=c99 or -std=gnu99 to compile your code
configure:10796: $? = 1
configure: failed program was:
| /* confdefs.h */
| #define PACKAGE_NAME "libcstl"
| #define PACKAGE_TARNAME "libcstl"
| #define PACKAGE_VERSION "2.3.0"
| #define PACKAGE_STRING "libcstl 2.3.0"
| #define PACKAGE_BUGREPORT "activesys.wb@gmail.com"
| #define PACKAGE_URL ""
| #define PACKAGE "libcstl"
| #define VERSION "2.3.0"
| #define STDC_HEADERS 1
| #define HAVE_SYS_TYPES_H 1
| #define HAVE_SYS_STAT_H 1
| #define HAVE_STDLIB_H 1
| #define HAVE_STRING_H 1
| #define HAVE_MEMORY_H 1
| #define HAVE_STRINGS_H 1
| #define HAVE_INTTYPES_H 1
| #define HAVE_STDINT_H 1
| #define HAVE_UNISTD_H 1
| #define HAVE_DLFCN_H 1
| #define LT_OBJDIR ".libs/"
| /* end confdefs.h.  */
| #include <stdarg.h>
| #include <stdbool.h>
| #include <stdlib.h>
| #include <wchar.h>
| #include <stdio.h>
| 
| // Check varargs macros.  These examples are taken from C99 6.10.3.5.
| #define debug(...) fprintf (stderr, __VA_ARGS__)
| #define showlist(...) puts (#__VA_ARGS__)
| #define report(test,...) ((test) ? puts (#test) : printf (__VA_ARGS__))
| static void
| test_varargs_macros (void)
| {
|   int x = 1234;
|   int y = 5678;
|   debug ("Flag");
|   debug ("X = %d\n", x);
|   showlist (The first, second, and third items.);
|   report (x>y, "x is %d but y is %d", x, y);
| }
| 
| // Check long long types.
| #define BIG64 18446744073709551615ull
| #define BIG32 4294967295ul
| #define BIG_OK (BIG64 / BIG32 == 4294967297ull && BIG64 % BIG32 == 0)
| #if !BIG_OK
|   your preprocessor is broken;
| #endif
| #if BIG_OK
| #else
|   your preprocessor is broken;
| #endif
| static long long int bignum = -9223372036854775807LL;
| static unsigned long long int ubignum = BIG64;
| 
| struct incomplete_array
| {
|   int datasize;
|   double data[];
| };
| 
| struct named_init {
|   int number;
|   const wchar_t *name;
|   double average;
| };
| 
| typedef const char *ccp;
| 
| static inline int
| test_restrict (ccp restrict text)
| {
|   // See if C++-style comments work.
|   // Iterate through items via the restricted pointer.
|   // Also check for declarations in for loops.
|   for (unsigned int i = 0; *(text+i) != '\0'; ++i)
|     continue;
|   return 0;
| }
| 
| // Check varargs and va_copy.
| static void
| test_varargs (const char *format, ...)
| {
|   va_list args;
|   va_start (args, format);
|   va_list args_copy;
|   va_copy (args_copy, args);
| 
|   const char *str;
|   int number;
|   float fnumber;
| 
|   while (*format)
|     {
|       switch (*format++)
| 	{
| 	case 's': // string
| 	  str = va_arg (args_copy, const char *);
| 	  break;
| 	case 'd': // int
| 	  number = va_arg (args_copy, int);
| 	  break;
| 	case 'f': // float
| 	  fnumber = va_arg (args_copy, double);
| 	  break;
| 	default:
| 	  break;
| 	}
|     }
|   va_end (args_copy);
|   va_end (args);
| }
| 
| int
| main ()
| {
| 
|   // Check bool.
|   _Bool success = false;
| 
|   // Check restrict.
|   if (test_restrict ("String literal") == 0)
|     success = true;
|   char *restrict newvar = "Another string";
| 
|   // Check varargs.
|   test_varargs ("s, d' f .", "string", 65, 34.234);
|   test_varargs_macros ();
| 
|   // Check flexible array members.
|   struct incomplete_array *ia =
|     malloc (sizeof (struct incomplete_array) + (sizeof (double) * 10));
|   ia->datasize = 10;
|   for (int i = 0; i < ia->datasize; ++i)
|     ia->data[i] = i * 1.234;
| 
|   // Check named initializers.
|   struct named_init ni = {
|     .number = 34,
|     .name = L"Test wide string",
|     .average = 543.34343,
|   };
| 
|   ni.number = 58;
| 
|   int dynamic_array[ni.number];
|   dynamic_array[ni.number - 1] = 543;
| 
|   // work around unused variable warnings
|   return (!success || bignum == 0LL || ubignum == 0uLL || newvar[0] == 'x'
| 	  || dynamic_array[ni.number - 1] != 543);
| 
|   ;
|   return 0;
| }
configure:10796: gcc -std=gnu99 -c -g -O2  conftest.c >&5
configure:10796: $? = 0
configure:10816: result: -std=gnu99
configure:10824: checking for an ANSI C-conforming const
configure:10890: gcc -std=gnu99 -c -g -O2  conftest.c >&5
configure:10890: $? = 0
configure:10897: result: yes
configure:10909: checking for stdlib.h
configure:10909: result: yes
configure:10919: checking for GNU libc compatible malloc
configure:10943: gcc -std=gnu99 -o conftest -g -O2   conftest.c  >&5
configure:10943: $? = 0
configure:10943: ./conftest
configure:10943: $? = 0
configure:10953: result: yes
configure:11206: creating ./config.status

## ---------------------- ##
## Running config.status. ##
## ---------------------- ##

This file was extended by libcstl config.status 2.3.0, which was
generated by GNU Autoconf 2.69.  Invocation command line was

  CONFIG_FILES    = 
  CONFIG_HEADERS  = 
  CONFIG_LINKS    = 
  CONFIG_COMMANDS = 
  $ ./config.status 

on kmhook-VirtualBox

config.status:1068: creating Makefile
config.status:1068: creating cstl/Makefile
config.status:1068: creating src/Makefile
config.status:1068: creating build-win/Makefile
config.status:1068: creating build-win/vc8/Makefile
config.status:1068: creating build-win/vc9/Makefile
config.status:1068: creating test/Makefile
config.status:1068: creating test/ut/Makefile
config.status:1068: creating config.h
config.status:1297: executing depfiles commands
config.status:1297: executing libtool commands

## ---------------- ##
## Cache variables. ##
## ---------------- ##

ac_cv_build=i686-pc-linux-gnu
ac_cv_c_compiler_gnu=yes
ac_cv_c_const=yes
ac_cv_env_CC_set=
ac_cv_env_CC_value=
ac_cv_env_CFLAGS_set=
ac_cv_env_CFLAGS_value=
ac_cv_env_CPPFLAGS_set=
ac_cv_env_CPPFLAGS_value=
ac_cv_env_CPP_set=
ac_cv_env_CPP_value=
ac_cv_env_LDFLAGS_set=
ac_cv_env_LDFLAGS_value=
ac_cv_env_LIBS_set=
ac_cv_env_LIBS_value=
ac_cv_env_build_alias_set=
ac_cv_env_build_alias_value=
ac_cv_env_host_alias_set=
ac_cv_env_host_alias_value=
ac_cv_env_target_alias_set=
ac_cv_env_target_alias_value=
ac_cv_func_malloc_0_nonnull=yes
ac_cv_header_dlfcn_h=yes
ac_cv_header_inttypes_h=yes
ac_cv_header_memory_h=yes
ac_cv_header_stdc=yes
ac_cv_header_stdint_h=yes
ac_cv_header_stdlib_h=yes
ac_cv_header_string_h=yes
ac_cv_header_strings_h=yes
ac_cv_header_sys_stat_h=yes
ac_cv_header_sys_types_h=yes
ac_cv_header_unistd_h=yes
ac_cv_host=i686-pc-linux-gnu
ac_cv_objext=o
ac_cv_path_EGREP='/bin/grep -E'
ac_cv_path_FGREP='/bin/grep -F'
ac_cv_path_GREP=/bin/grep
ac_cv_path_SED=/bin/sed
ac_cv_path_install='/usr/bin/install -c'
ac_cv_path_mkdir=/bin/mkdir
ac_cv_prog_AWK=gawk
ac_cv_prog_CPP='gcc -E'
ac_cv_prog_ac_ct_AR=ar
ac_cv_prog_ac_ct_CC=gcc
ac_cv_prog_ac_ct_OBJDUMP=objdump
ac_cv_prog_ac_ct_RANLIB=ranlib
ac_cv_prog_ac_ct_STRIP=strip
ac_cv_prog_cc_c89=
ac_cv_prog_cc_c99=-std=gnu99
ac_cv_prog_cc_g=yes
ac_cv_prog_make_make_set=yes
ac_cv_type_size_t=yes
am_cv_CC_dependencies_compiler_type=gcc3
lt_cv_deplibs_check_method=pass_all
lt_cv_file_magic_cmd='$MAGIC_CMD'
lt_cv_file_magic_test_file=
lt_cv_ld_reload_flag=-r
lt_cv_nm_interface='BSD nm'
lt_cv_objdir=.libs
lt_cv_path_LD=/usr/bin/ld
lt_cv_path_NM='/usr/bin/nm -B'
lt_cv_prog_compiler_c_o=yes
lt_cv_prog_compiler_pic_works=yes
lt_cv_prog_compiler_rtti_exceptions=no
lt_cv_prog_compiler_static_works=yes
lt_cv_prog_gnu_ld=yes
lt_cv_sys_global_symbol_pipe='sed -n -e '\''s/^.*[	 ]\([ABCDGIRSTW][ABCDGIRSTW]*\)[	 ][	 ]*\([_A-Za-z][_A-Za-z0-9]*\)$/\1 \2 \2/p'\'''
lt_cv_sys_global_symbol_to_c_name_address='sed -n -e '\''s/^: \([^ ]*\) $/  {\"\1\", (void *) 0},/p'\'' -e '\''s/^[ABCDGIRSTW]* \([^ ]*\) \([^ ]*\)$/  {"\2", (void *) \&\2},/p'\'''
lt_cv_sys_global_symbol_to_c_name_address_lib_prefix='sed -n -e '\''s/^: \([^ ]*\) $/  {\"\1\", (void *) 0},/p'\'' -e '\''s/^[ABCDGIRSTW]* \([^ ]*\) \(lib[^ ]*\)$/  {"\2", (void *) \&\2},/p'\'' -e '\''s/^[ABCDGIRSTW]* \([^ ]*\) \([^ ]*\)$/  {"lib\2", (void *) \&\2},/p'\'''
lt_cv_sys_global_symbol_to_cdecl='sed -n -e '\''s/^T .* \(.*\)$/extern int \1();/p'\'' -e '\''s/^[ABCDGIRSTW]* .* \(.*\)$/extern char \1;/p'\'''
lt_cv_sys_max_cmd_len=1572864

## ----------------- ##
## Output variables. ##
## ----------------- ##

ACLOCAL='${SHELL} /home/kmhook/Programs/libcstl/missing --run aclocal-1.11'
AMDEPBACKSLASH='\'
AMDEP_FALSE='#'
AMDEP_TRUE=''
AMTAR='${SHELL} /home/kmhook/Programs/libcstl/missing --run tar'
AR='ar'
AUTOCONF='${SHELL} /home/kmhook/Programs/libcstl/missing --run autoconf'
AUTOHEADER='${SHELL} /home/kmhook/Programs/libcstl/missing --run autoheader'
AUTOMAKE='${SHELL} /home/kmhook/Programs/libcstl/missing --run automake-1.11'
AWK='gawk'
CC='gcc -std=gnu99'
CCDEPMODE='depmode=gcc3'
CFLAGS='-g -O2'
CPP='gcc -E'
CPPFLAGS=''
CYGPATH_W='echo'
DEFS='-DHAVE_CONFIG_H'
DEPDIR='.deps'
DSYMUTIL=''
DUMPBIN=''
ECHO_C=''
ECHO_N='-n'
ECHO_T=''
EGREP='/bin/grep -E'
EXEEXT=''
FGREP='/bin/grep -F'
GREP='/bin/grep'
INSTALL_DATA='${INSTALL} -m 644'
INSTALL_PROGRAM='${INSTALL}'
INSTALL_SCRIPT='${INSTALL}'
INSTALL_STRIP_PROGRAM='$(install_sh) -c -s'
LD='/usr/bin/ld'
LDFLAGS=''
LIBOBJS=''
LIBS=''
LIBTOOL='$(SHELL) $(top_builddir)/libtool'
LIPO=''
LN_S='ln -s'
LTLIBOBJS=''
MAKEINFO='${SHELL} /home/kmhook/Programs/libcstl/missing --run makeinfo'
MKDIR_P='/bin/mkdir -p'
NM='/usr/bin/nm -B'
NMEDIT=''
OBJDUMP='objdump'
OBJEXT='o'
OTOOL64=''
OTOOL=''
PACKAGE='libcstl'
PACKAGE_BUGREPORT='activesys.wb@gmail.com'
PACKAGE_NAME='libcstl'
PACKAGE_STRING='libcstl 2.3.0'
PACKAGE_TARNAME='libcstl'
PACKAGE_URL=''
PACKAGE_VERSION='2.3.0'
PATH_SEPARATOR=':'
RANLIB='ranlib'
SED='/bin/sed'
SET_MAKE=''
SHELL='/bin/bash'
STRIP='strip'
VERSION='2.3.0'
ac_ct_CC='gcc'
ac_ct_DUMPBIN=''
am__EXEEXT_FALSE=''
am__EXEEXT_TRUE='#'
am__fastdepCC_FALSE='#'
am__fastdepCC_TRUE=''
am__include='include'
am__isrc=''
am__leading_dot='.'
am__quote=''
am__tar='${AMTAR} chof - "$$tardir"'
am__untar='${AMTAR} xf -'
bindir='${exec_prefix}/bin'
build='i686-pc-linux-gnu'
build_alias=''
build_cpu='i686'
build_os='linux-gnu'
build_vendor='pc'
datadir='${datarootdir}'
datarootdir='${prefix}/share'
docdir='${datarootdir}/doc/${PACKAGE_TARNAME}'
dvidir='${docdir}'
exec_prefix='${prefix}'
host='i686-pc-linux-gnu'
host_alias=''
host_cpu='i686'
host_os='linux-gnu'
host_vendor='pc'
htmldir='${docdir}'
includedir='${prefix}/include'
infodir='${datarootdir}/info'
install_sh='${SHELL} /home/kmhook/Programs/libcstl/install-sh'
libdir='${exec_prefix}/lib'
libexecdir='${exec_prefix}/libexec'
localedir='${datarootdir}/locale'
localstatedir='${prefix}/var'
lt_ECHO='echo'
mandir='${datarootdir}/man'
mkdir_p='/bin/mkdir -p'
oldincludedir='/usr/include'
pdfdir='${docdir}'
prefix='/usr/i686/libcstl'
program_transform_name='s,x,x,'
psdir='${docdir}'
sbindir='${exec_prefix}/sbin'
sharedstatedir='${prefix}/com'
sysconfdir='${prefix}/etc'
target_alias=''

## ----------- ##
## confdefs.h. ##
## ----------- ##

/* confdefs.h */
#define PACKAGE_NAME "libcstl"
#define PACKAGE_TARNAME "libcstl"
#define PACKAGE_VERSION "2.3.0"
#define PACKAGE_STRING "libcstl 2.3.0"
#define PACKAGE_BUGREPORT "activesys.wb@gmail.com"
#define PACKAGE_URL ""
#define PACKAGE "libcstl"
#define VERSION "2.3.0"
#define STDC_HEADERS 1
#define HAVE_SYS_TYPES_H 1
#define HAVE_SYS_STAT_H 1
#define HAVE_STDLIB_H 1
#define HAVE_STRING_H 1
#define HAVE_MEMORY_H 1
#define HAVE_STRINGS_H 1
#define HAVE_INTTYPES_H 1
#define HAVE_STDINT_H 1
#define HAVE_UNISTD_H 1
#define HAVE_DLFCN_H 1
#define LT_OBJDIR ".libs/"
#define HAVE_STDLIB_H 1
#define HAVE_MALLOC 1

configure: exit 0
